<?xml version="1.0" encoding="UTF-8"?>
<!-- Generated by org.testng.reporters.JUnitXMLReporter -->
<testsuite ignored="0" hostname="POOLW42SLPC7769" failures="0" tests="4" name="TestCase_xlogist_coupon" time="282.329" errors="0" timestamp="2022-12-09T12:10:46 IST">
  <testcase classname="TestCase.TestCase_xlogist_coupon" name="addcoupon_validData" time="41.536"/>
  <testcase classname="TestCase.TestCase_xlogist_coupon" name="addcoupon_InvalidData_numericData" time="39.088"/>
  <testcase classname="TestCase.TestCase_xlogist_coupon" name="addcoupon_InvalidData_SpecialCharacter" time="53.979"/>
  <testcase classname="TestCase.TestCase_xlogist_coupon" name="addcoupon_InvalidData_Dublicate" time="52.071"/>
</testsuite> <!-- TestCase_xlogist_coupon -->
